2021-12-03 11:36:15.813  INFO 19232 --- [restartedMain] com.fzjk.guanwang.GuanwangApplication    : Starting GuanwangApplication using Java 1.8.0_65 on DESKTOP-0R0PQ9E with PID 19232 (E:\workplace\fzjk_guanwang\target\classes started by hushizhi0121 in E:\workplace\fzjk_guanwang)
2021-12-03 11:36:15.813 DEBUG 19232 --- [restartedMain] com.fzjk.guanwang.GuanwangApplication    : Running with Spring Boot v2.5.6, Spring v5.3.12
2021-12-03 11:36:15.813  INFO 19232 --- [restartedMain] com.fzjk.guanwang.GuanwangApplication    : The following profiles are active: pro
2021-12-03 11:36:15.875  INFO 19232 --- [restartedMain] .e.DevToolsPropertyDefaultsPostProcessor : Devtools property defaults active! Set 'spring.devtools.add-properties' to 'false' to disable
2021-12-03 11:36:15.875  INFO 19232 --- [restartedMain] .e.DevToolsPropertyDefaultsPostProcessor : For additional web related logging consider setting the 'logging.level.web' property to 'DEBUG'
2021-12-03 11:36:16.578  INFO 19232 --- [restartedMain] .s.d.r.c.RepositoryConfigurationDelegate : Bootstrapping Spring Data JPA repositories in DEFAULT mode.
2021-12-03 11:36:16.625  INFO 19232 --- [restartedMain] .s.d.r.c.RepositoryConfigurationDelegate : Finished Spring Data repository scanning in 40 ms. Found 1 JPA repository interfaces.
2021-12-03 11:36:17.375  INFO 19232 --- [restartedMain] o.s.b.w.embedded.tomcat.TomcatWebServer  : Tomcat initialized with port(s): 8080 (http)
2021-12-03 11:36:17.375  INFO 19232 --- [restartedMain] o.apache.catalina.core.StandardService   : Starting service [Tomcat]
2021-12-03 11:36:17.375  INFO 19232 --- [restartedMain] org.apache.catalina.core.StandardEngine  : Starting Servlet engine: [Apache Tomcat/9.0.54]
2021-12-03 11:36:17.453  INFO 19232 --- [restartedMain] o.a.c.c.C.[Tomcat].[localhost].[/]       : Initializing Spring embedded WebApplicationContext
2021-12-03 11:36:17.453  INFO 19232 --- [restartedMain] w.s.c.ServletWebServerApplicationContext : Root WebApplicationContext: initialization completed in 1578 ms
2021-12-03 11:36:17.641  INFO 19232 --- [restartedMain] o.hibernate.jpa.internal.util.LogHelper  : HHH000204: Processing PersistenceUnitInfo [name: default]
2021-12-03 11:36:17.687  INFO 19232 --- [restartedMain] org.hibernate.Version                    : HHH000412: Hibernate ORM core version 5.4.32.Final
2021-12-03 11:36:17.797  INFO 19232 --- [restartedMain] o.hibernate.annotations.common.Version   : HCANN000001: Hibernate Commons Annotations {5.1.2.Final}
2021-12-03 11:36:17.875  INFO 19232 --- [restartedMain] com.zaxxer.hikari.HikariDataSource       : HikariPool-1 - Starting...
2021-12-03 11:36:18.015  INFO 19232 --- [restartedMain] com.zaxxer.hikari.HikariDataSource       : HikariPool-1 - Start completed.
2021-12-03 11:36:18.031  INFO 19232 --- [restartedMain] org.hibernate.dialect.Dialect            : HHH000400: Using dialect: org.hibernate.dialect.MySQL5Dialect
2021-12-03 11:36:18.593  INFO 19232 --- [restartedMain] o.h.e.t.j.p.i.JtaPlatformInitiator       : HHH000490: Using JtaPlatform implementation: [org.hibernate.engine.transaction.jta.platform.internal.NoJtaPlatform]
2021-12-03 11:36:18.609  INFO 19232 --- [restartedMain] j.LocalContainerEntityManagerFactoryBean : Initialized JPA EntityManagerFactory for persistence unit 'default'
2021-12-03 11:36:19.140  WARN 19232 --- [restartedMain] JpaBaseConfiguration$JpaWebConfiguration : spring.jpa.open-in-view is enabled by default. Therefore, database queries may be performed during view rendering. Explicitly configure spring.jpa.open-in-view to disable this warning
2021-12-03 11:36:19.421  INFO 19232 --- [restartedMain] o.s.b.a.w.s.WelcomePageHandlerMapping    : Adding welcome page template: index
2021-12-03 11:36:19.734  INFO 19232 --- [restartedMain] o.s.b.d.a.OptionalLiveReloadServer       : LiveReload server is running on port 35729
2021-12-03 11:36:19.781  INFO 19232 --- [restartedMain] o.s.b.w.embedded.tomcat.TomcatWebServer  : Tomcat started on port(s): 8080 (http) with context path ''
2021-12-03 11:36:19.796  INFO 19232 --- [restartedMain] com.fzjk.guanwang.GuanwangApplication    : Started GuanwangApplication in 4.561 seconds (JVM running for 5.606)
2021-12-03 11:38:34.882  INFO 19232 --- [Thread-6] j.LocalContainerEntityManagerFactoryBean : Closing JPA EntityManagerFactory for persistence unit 'default'
2021-12-03 11:38:34.898  INFO 19232 --- [Thread-6] com.zaxxer.hikari.HikariDataSource       : HikariPool-1 - Shutdown initiated...
2021-12-03 11:38:34.898  INFO 19232 --- [Thread-6] com.zaxxer.hikari.HikariDataSource       : HikariPool-1 - Shutdown completed.
